SF:lib/core/rsa_id_generator.dart
DA:13,1
DA:20,1
DA:22,1
DA:24,1
DA:28,1
DA:29,1
LF:6
LH:6
end_of_record
SF:lib/helpers/rsa_id_utils.dart
DA:13,2
DA:14,2
DA:15,2
DA:17,4
DA:18,4
DA:23,8
DA:25,4
DA:27,4
DA:29,4
DA:30,4
DA:37,2
DA:41,2
DA:44,2
DA:53,8
DA:54,4
DA:61,2
DA:63,4
DA:65,2
DA:73,2
DA:75,12
DA:76,4
DA:79,12
DA:86,6
DA:92,0
DA:95,0
DA:96,0
DA:97,0
DA:98,0
DA:99,0
DA:100,0
DA:103,0
DA:105,0
LF:32
LH:23
end_of_record
SF:lib/core/rsa_id_parse.dart
DA:13,1
DA:14,3
DA:17,4
DA:18,4
DA:19,4
DA:20,4
DA:21,3
DA:28,1
DA:29,1
DA:30,2
DA:31,2
DA:32,2
DA:37,5
DA:38,1
DA:39,1
DA:46,1
DA:47,1
DA:48,1
DA:55,1
DA:56,1
DA:57,1
DA:66,1
DA:67,1
LF:23
LH:23
end_of_record
SF:lib/core/rsa_id_validator.dart
DA:9,4
DA:10,8
DA:14,4
DA:15,4
DA:16,4
DA:19,4
DA:23,4
DA:27,4
DA:31,4
DA:41,4
DA:43,8
DA:44,8
DA:45,8
DA:47,20
DA:57,4
DA:59,4
DA:60,8
DA:66,4
DA:68,6
DA:74,4
DA:75,4
LF:21
LH:21
end_of_record
