SF:lib/core/rsa_id_generator.dart
DA:5,0
DA:6,0
DA:7,0
DA:8,0
DA:11,0
DA:12,0
LF:6
LH:0
end_of_record
SF:lib/helpers/rsa_id_utils.dart
DA:10,1
DA:11,2
DA:12,5
DA:14,4
DA:15,2
DA:17,2
DA:18,2
DA:21,1
DA:24,1
DA:27,1
DA:36,4
DA:37,2
DA:40,1
DA:42,2
DA:44,1
DA:48,1
DA:50,6
DA:51,2
DA:53,6
DA:56,1
DA:58,4
DA:59,1
DA:60,4
DA:61,1
DA:62,1
DA:63,1
DA:66,1
DA:69,2
LF:28
LH:28
end_of_record
SF:lib/core/rsa_id_validator.dart
DA:5,3
DA:6,6
DA:10,3
DA:11,3
DA:12,3
DA:13,3
DA:15,3
DA:19,3
DA:23,3
DA:27,3
DA:34,3
DA:36,6
DA:37,6
DA:38,6
DA:40,15
DA:47,3
DA:49,3
DA:50,6
DA:53,3
DA:55,4
DA:58,3
DA:60,3
LF:22
LH:22
end_of_record
